<?xml version="1.0" encoding="UTF-8"?>
<!-- Generated by org.testng.reporters.JUnitReportReporter -->
<testsuite hostname="TEJA" failures="0" tests="1" name="LambdaTest.TestScenario_2" time="22.395" errors="0" timestamp="2024-05-29T11:51:05 IST" skipped="0">
  <testcase classname="LambdaTest.TestScenario_2" name="Scenario_2" time="22.395"/>
  <system-out/>
</testsuite> <!-- LambdaTest.TestScenario_2 -->
